# JRE version: OpenJDK Runtime Environment (21.0.10) (build 21.0.10+-14961533-b1163.108)
# Java VM: OpenJDK 64-Bit Server VM (21.0.10+-14961533-b1163.108, mixed mode, tiered, compressed oops, compressed class ptrs, g1 gc, windows-amd64)
GC Precious Log:
 CardTable entry size: 512
 Card Set container configuration: InlinePtr #cards 4 size 8 Array Of Cards #cards 16 size 48 Howl #buckets 8 coarsen threshold 3686 Howl Bitmap #cards 512 size 80 coarsen threshold 460 Card regions per heap region 1 cards per card region 4096
 CPUs: 8 total, 8 available
 Memory: 16300M
 Large Page Support: Disabled
 NUMA Support: Disabled
 Compressed Oops: Enabled (Zero based)
 Heap Region Size: 2M
 Heap Min Capacity: 8M
 Heap Initial Capacity: 256M
 Heap Max Capacity: 4076M
 Pre-touch: Disabled
 Parallel Workers: 8
 Concurrent Workers: 2
 Concurrent Refinement Workers: 8
 Periodic GC: Disabled
Heap:
 garbage-first heap   total 307200K, used 230306K [0x0000000701400000, 0x0000000800000000)
  region size 2048K, 31 young (63488K), 5 survivors (10240K)
 Metaspace       used 75556K, committed 76352K, reserved 1179648K
  class space    used 8435K, committed 8832K, reserved 1048576K
GC Heap History (20 events):
Event: 7.018 GC heap before
{Heap before GC invocations=23 (full 0):
 garbage-first heap   total 172032K, used 142198K [0x0000000701400000, 0x0000000800000000)
  region size 2048K, 26 young (53248K), 4 survivors (8192K)
 Metaspace       used 63525K, committed 64192K, reserved 1114112K
  class space    used 7403K, committed 7744K, reserved 1048576K
}
Event: 7.032 GC heap after
{Heap after GC invocations=24 (full 0):
 garbage-first heap   total 172032K, used 106496K [0x0000000701400000, 0x0000000800000000)
  region size 2048K, 4 young (8192K), 4 survivors (8192K)
 Metaspace       used 63525K, committed 64192K, reserved 1114112K
  class space    used 7403K, committed 7744K, reserved 1048576K
}
Event: 7.362 GC heap before
{Heap before GC invocations=25 (full 0):
 garbage-first heap   total 178176K, used 147456K [0x0000000701400000, 0x0000000800000000)
  region size 2048K, 24 young (49152K), 4 survivors (8192K)
 Metaspace       used 63773K, committed 64448K, reserved 1114112K
  class space    used 7427K, committed 7744K, reserved 1048576K
}
Event: 7.374 GC heap after
{Heap after GC invocations=26 (full 0):
 garbage-first heap   total 178176K, used 115110K [0x0000000701400000, 0x0000000800000000)
  region size 2048K, 3 young (6144K), 3 survivors (6144K)
 Metaspace       used 63773K, committed 64448K, reserved 1114112K
  class space    used 7427K, committed 7744K, reserved 1048576K
}
Event: 7.518 GC heap before
{Heap before GC invocations=26 (full 0):
 garbage-first heap   total 178176K, used 154022K [0x0000000701400000, 0x0000000800000000)
  region size 2048K, 22 young (45056K), 3 survivors (6144K)
 Metaspace       used 64377K, committed 65024K, reserved 1114112K
  class space    used 7509K, committed 7808K, reserved 1048576K
}
Event: 7.528 GC heap after
{Heap after GC invocations=27 (full 0):
 garbage-first heap   total 178176K, used 116368K [0x0000000701400000, 0x0000000800000000)
  region size 2048K, 1 young (2048K), 1 survivors (2048K)
 Metaspace       used 64377K, committed 65024K, reserved 1114112K
  class space    used 7509K, committed 7808K, reserved 1048576K
}
Event: 7.585 GC heap before
{Heap before GC invocations=27 (full 0):
 garbage-first heap   total 178176K, used 157328K [0x0000000701400000, 0x0000000800000000)
  region size 2048K, 21 young (43008K), 1 survivors (2048K)
 Metaspace       used 64382K, committed 65024K, reserved 1114112K
  class space    used 7509K, committed 7808K, reserved 1048576K
}
Event: 7.587 GC heap after
{Heap after GC invocations=28 (full 0):
 garbage-first heap   total 290816K, used 116095K [0x0000000701400000, 0x0000000800000000)
  region size 2048K, 1 young (2048K), 1 survivors (2048K)
 Metaspace       used 64382K, committed 65024K, reserved 1114112K
  class space    used 7509K, committed 7808K, reserved 1048576K
}
Event: 7.787 GC heap before
{Heap before GC invocations=28 (full 0):
 garbage-first heap   total 290816K, used 234879K [0x0000000701400000, 0x0000000800000000)
  region size 2048K, 59 young (120832K), 1 survivors (2048K)
 Metaspace       used 64383K, committed 65024K, reserved 1114112K
  class space    used 7509K, committed 7808K, reserved 1048576K
}
Event: 7.788 GC heap after
{Heap after GC invocations=29 (full 0):
 garbage-first heap   total 290816K, used 116039K [0x0000000701400000, 0x0000000800000000)
  region size 2048K, 1 young (2048K), 1 survivors (2048K)
 Metaspace       used 64383K, committed 65024K, reserved 1114112K
  class space    used 7509K, committed 7808K, reserved 1048576K
}
Event: 10.747 GC heap before
{Heap before GC invocations=30 (full 0):
 garbage-first heap   total 290816K, used 271687K [0x0000000701400000, 0x0000000800000000)
  region size 2048K, 77 young (157696K), 1 survivors (2048K)
 Metaspace       used 72869K, committed 73600K, reserved 1114112K
  class space    used 8308K, committed 8704K, reserved 1048576K
}
Event: 10.760 GC heap after
{Heap after GC invocations=31 (full 0):
 garbage-first heap   total 290816K, used 131152K [0x0000000701400000, 0x0000000800000000)
  region size 2048K, 9 young (18432K), 9 survivors (18432K)
 Metaspace       used 72869K, committed 73600K, reserved 1114112K
  class space    used 8308K, committed 8704K, reserved 1048576K
}
Event: 12.934 GC heap before
{Heap before GC invocations=31 (full 0):
 garbage-first heap   total 290816K, used 258128K [0x0000000701400000, 0x0000000800000000)
  region size 2048K, 71 young (145408K), 9 survivors (18432K)
 Metaspace       used 73944K, committed 74688K, reserved 1179648K
  class space    used 8388K, committed 8768K, reserved 1048576K
}
Event: 12.959 GC heap after
{Heap after GC invocations=32 (full 0):
 garbage-first heap   total 294912K, used 145408K [0x0000000701400000, 0x0000000800000000)
  region size 2048K, 8 young (16384K), 8 survivors (16384K)
 Metaspace       used 73944K, committed 74688K, reserved 1179648K
  class space    used 8388K, committed 8768K, reserved 1048576K
}
Event: 13.984 GC heap before
{Heap before GC invocations=32 (full 0):
 garbage-first heap   total 294912K, used 210944K [0x0000000701400000, 0x0000000800000000)
  region size 2048K, 41 young (83968K), 8 survivors (16384K)
 Metaspace       used 74348K, committed 75072K, reserved 1179648K
  class space    used 8410K, committed 8768K, reserved 1048576K
}
Event: 13.999 GC heap after
{Heap after GC invocations=33 (full 0):
 garbage-first heap   total 294912K, used 153776K [0x0000000701400000, 0x0000000800000000)
  region size 2048K, 5 young (10240K), 5 survivors (10240K)
 Metaspace       used 74348K, committed 75072K, reserved 1179648K
  class space    used 8410K, committed 8768K, reserved 1048576K
}
Event: 15.599 GC heap before
{Heap before GC invocations=34 (full 0):
 garbage-first heap   total 294912K, used 262320K [0x0000000701400000, 0x0000000800000000)
  region size 2048K, 58 young (118784K), 5 survivors (10240K)
 Metaspace       used 74790K, committed 75520K, reserved 1179648K
  class space    used 8419K, committed 8768K, reserved 1048576K
}
Event: 15.610 GC heap after
{Heap after GC invocations=35 (full 0):
 garbage-first heap   total 294912K, used 161792K [0x0000000701400000, 0x0000000800000000)
  region size 2048K, 8 young (16384K), 8 survivors (16384K)
 Metaspace       used 74790K, committed 75520K, reserved 1179648K
  class space    used 8419K, committed 8768K, reserved 1048576K
}
Event: 17.062 GC heap before
{Heap before GC invocations=35 (full 0):
 garbage-first heap   total 294912K, used 276480K [0x0000000701400000, 0x0000000800000000)
  region size 2048K, 59 young (120832K), 8 survivors (16384K)
 Metaspace       used 75283K, committed 76032K, reserved 1179648K
  class space    used 8434K, committed 8832K, reserved 1048576K
}
Event: 17.082 GC heap after
{Heap after GC invocations=36 (full 0):
 garbage-first heap   total 307200K, used 179106K [0x0000000701400000, 0x0000000800000000)
  region size 2048K, 5 young (10240K), 5 survivors (10240K)
 Metaspace       used 75283K, committed 76032K, reserved 1179648K
  class space    used 8434K, committed 8832K, reserved 1048576K
}

