# JRE version: OpenJDK Runtime Environment (21.0.10) (build 21.0.10+-14961533-b1163.108)
# Java VM: OpenJDK 64-Bit Server VM (21.0.10+-14961533-b1163.108, mixed mode, tiered, compressed oops, compressed class ptrs, g1 gc, windows-amd64)
GC Precious Log:
 CardTable entry size: 512
 Card Set container configuration: InlinePtr #cards 4 size 8 Array Of Cards #cards 16 size 48 Howl #buckets 8 coarsen threshold 3686 Howl Bitmap #cards 512 size 80 coarsen threshold 460 Card regions per heap region 1 cards per card region 4096
 CPUs: 8 total, 8 available
 Memory: 16300M
 Large Page Support: Disabled
 NUMA Support: Disabled
 Compressed Oops: Enabled (Zero based)
 Heap Region Size: 2M
 Heap Min Capacity: 8M
 Heap Initial Capacity: 256M
 Heap Max Capacity: 4076M
 Pre-touch: Disabled
 Parallel Workers: 8
 Concurrent Workers: 2
 Concurrent Refinement Workers: 8
 Periodic GC: Disabled
Heap:
 garbage-first heap   total 264192K, used 137117K [0x0000000701400000, 0x0000000800000000)
  region size 2048K, 4 young (8192K), 4 survivors (8192K)
 Metaspace       used 73314K, committed 74048K, reserved 1179648K
  class space    used 8345K, committed 8704K, reserved 1048576K
GC Heap History (20 events):
Event: 6.067 GC heap after
{Heap after GC invocations=20 (full 0):
 garbage-first heap   total 131072K, used 82497K [0x0000000701400000, 0x0000000800000000)
  region size 2048K, 2 young (4096K), 2 survivors (4096K)
 Metaspace       used 62555K, committed 63232K, reserved 1114112K
  class space    used 7365K, committed 7680K, reserved 1048576K
}
Event: 6.426 GC heap before
{Heap before GC invocations=20 (full 0):
 garbage-first heap   total 131072K, used 109121K [0x0000000701400000, 0x0000000800000000)
  region size 2048K, 15 young (30720K), 2 survivors (4096K)
 Metaspace       used 63206K, committed 63872K, reserved 1114112K
  class space    used 7383K, committed 7680K, reserved 1048576K
}
Event: 6.440 GC heap after
{Heap after GC invocations=21 (full 0):
 garbage-first heap   total 131072K, used 87197K [0x0000000701400000, 0x0000000800000000)
  region size 2048K, 2 young (4096K), 2 survivors (4096K)
 Metaspace       used 63206K, committed 63872K, reserved 1114112K
  class space    used 7383K, committed 7680K, reserved 1048576K
}
Event: 6.666 GC heap before
{Heap before GC invocations=21 (full 0):
 garbage-first heap   total 131072K, used 111773K [0x0000000701400000, 0x0000000800000000)
  region size 2048K, 14 young (28672K), 2 survivors (4096K)
 Metaspace       used 63350K, committed 64064K, reserved 1114112K
  class space    used 7395K, committed 7744K, reserved 1048576K
}
Event: 6.674 GC heap after
{Heap after GC invocations=22 (full 0):
 garbage-first heap   total 208896K, used 92160K [0x0000000701400000, 0x0000000800000000)
  region size 2048K, 2 young (4096K), 2 survivors (4096K)
 Metaspace       used 63350K, committed 64064K, reserved 1114112K
  class space    used 7395K, committed 7744K, reserved 1048576K
}
Event: 7.116 GC heap before
{Heap before GC invocations=23 (full 0):
 garbage-first heap   total 208896K, used 163840K [0x0000000701400000, 0x0000000800000000)
  region size 2048K, 37 young (75776K), 2 survivors (4096K)
 Metaspace       used 63481K, committed 64192K, reserved 1114112K
  class space    used 7400K, committed 7744K, reserved 1048576K
}
Event: 7.134 GC heap after
{Heap after GC invocations=24 (full 0):
 garbage-first heap   total 208896K, used 105921K [0x0000000701400000, 0x0000000800000000)
  region size 2048K, 5 young (10240K), 5 survivors (10240K)
 Metaspace       used 63481K, committed 64192K, reserved 1114112K
  class space    used 7400K, committed 7744K, reserved 1048576K
}
Event: 7.556 GC heap before
{Heap before GC invocations=24 (full 0):
 garbage-first heap   total 208896K, used 169409K [0x0000000701400000, 0x0000000800000000)
  region size 2048K, 36 young (73728K), 5 survivors (10240K)
 Metaspace       used 64338K, committed 65024K, reserved 1114112K
  class space    used 7507K, committed 7808K, reserved 1048576K
}
Event: 7.572 GC heap after
{Heap after GC invocations=25 (full 0):
 garbage-first heap   total 208896K, used 115953K [0x0000000701400000, 0x0000000800000000)
  region size 2048K, 5 young (10240K), 5 survivors (10240K)
 Metaspace       used 64338K, committed 65024K, reserved 1114112K
  class space    used 7507K, committed 7808K, reserved 1048576K
}
Event: 7.633 GC heap before
{Heap before GC invocations=25 (full 0):
 garbage-first heap   total 208896K, used 175345K [0x0000000701400000, 0x0000000800000000)
  region size 2048K, 34 young (69632K), 5 survivors (10240K)
 Metaspace       used 64344K, committed 65024K, reserved 1114112K
  class space    used 7507K, committed 7808K, reserved 1048576K
}
Event: 7.640 GC heap after
{Heap after GC invocations=26 (full 0):
 garbage-first heap   total 208896K, used 116599K [0x0000000701400000, 0x0000000800000000)
  region size 2048K, 1 young (2048K), 1 survivors (2048K)
 Metaspace       used 64344K, committed 65024K, reserved 1114112K
  class space    used 7507K, committed 7808K, reserved 1048576K
}
Event: 7.702 GC heap before
{Heap before GC invocations=26 (full 0):
 garbage-first heap   total 208896K, used 178039K [0x0000000701400000, 0x0000000800000000)
  region size 2048K, 31 young (63488K), 1 survivors (2048K)
 Metaspace       used 64345K, committed 65024K, reserved 1114112K
  class space    used 7507K, committed 7808K, reserved 1048576K
}
Event: 7.703 GC heap after
{Heap after GC invocations=27 (full 0):
 garbage-first heap   total 208896K, used 116151K [0x0000000701400000, 0x0000000800000000)
  region size 2048K, 1 young (2048K), 1 survivors (2048K)
 Metaspace       used 64345K, committed 65024K, reserved 1114112K
  class space    used 7507K, committed 7808K, reserved 1048576K
}
Event: 7.760 GC heap before
{Heap before GC invocations=27 (full 0):
 garbage-first heap   total 208896K, used 181687K [0x0000000701400000, 0x0000000800000000)
  region size 2048K, 33 young (67584K), 1 survivors (2048K)
 Metaspace       used 64358K, committed 65024K, reserved 1114112K
  class space    used 7508K, committed 7808K, reserved 1048576K
}
Event: 7.760 GC heap after
{Heap after GC invocations=28 (full 0):
 garbage-first heap   total 208896K, used 115814K [0x0000000701400000, 0x0000000800000000)
  region size 2048K, 1 young (2048K), 1 survivors (2048K)
 Metaspace       used 64358K, committed 65024K, reserved 1114112K
  class space    used 7508K, committed 7808K, reserved 1048576K
}
Event: 9.317 GC heap before
{Heap before GC invocations=29 (full 0):
 garbage-first heap   total 208896K, used 185446K [0x0000000701400000, 0x0000000800000000)
  region size 2048K, 35 young (71680K), 1 survivors (2048K)
 Metaspace       used 70256K, committed 70976K, reserved 1114112K
  class space    used 8091K, committed 8448K, reserved 1048576K
}
Event: 9.327 GC heap after
{Heap after GC invocations=30 (full 0):
 garbage-first heap   total 208896K, used 122538K [0x0000000701400000, 0x0000000800000000)
  region size 2048K, 4 young (8192K), 4 survivors (8192K)
 Metaspace       used 70256K, committed 70976K, reserved 1114112K
  class space    used 8091K, committed 8448K, reserved 1048576K
}
Event: 10.725 GC heap before
{Heap before GC invocations=30 (full 0):
 garbage-first heap   total 208896K, used 188074K [0x0000000701400000, 0x0000000800000000)
  region size 2048K, 36 young (73728K), 4 survivors (8192K)
 Metaspace       used 72636K, committed 73472K, reserved 1114112K
  class space    used 8288K, committed 8704K, reserved 1048576K
}
Event: 10.743 GC heap after
{Heap after GC invocations=31 (full 0):
 garbage-first heap   total 208896K, used 128896K [0x0000000701400000, 0x0000000800000000)
  region size 2048K, 4 young (8192K), 4 survivors (8192K)
 Metaspace       used 72636K, committed 73472K, reserved 1114112K
  class space    used 8288K, committed 8704K, reserved 1048576K
}
Event: 11.783 GC heap before
{Heap before GC invocations=31 (full 0):
 garbage-first heap   total 208896K, used 190336K [0x0000000701400000, 0x0000000800000000)
  region size 2048K, 34 young (69632K), 4 survivors (8192K)
 Metaspace       used 73314K, committed 74048K, reserved 1179648K
  class space    used 8345K, committed 8704K, reserved 1048576K
}

