# JRE version: OpenJDK Runtime Environment (21.0.10) (build 21.0.10+-14961533-b1163.108)
# Java VM: OpenJDK 64-Bit Server VM (21.0.10+-14961533-b1163.108, mixed mode, tiered, compressed oops, compressed class ptrs, g1 gc, windows-amd64)
GC Precious Log:
 CardTable entry size: 512
 Card Set container configuration: InlinePtr #cards 4 size 8 Array Of Cards #cards 16 size 48 Howl #buckets 8 coarsen threshold 3686 Howl Bitmap #cards 512 size 80 coarsen threshold 460 Card regions per heap region 1 cards per card region 4096
 CPUs: 8 total, 8 available
 Memory: 16300M
 Large Page Support: Disabled
 NUMA Support: Disabled
 Compressed Oops: Enabled (Zero based)
 Heap Region Size: 2M
 Heap Min Capacity: 8M
 Heap Initial Capacity: 256M
 Heap Max Capacity: 4076M
 Pre-touch: Disabled
 Parallel Workers: 8
 Concurrent Workers: 2
 Concurrent Refinement Workers: 8
 Periodic GC: Disabled
Heap:
 garbage-first heap   total 438272K, used 278296K [0x0000000701400000, 0x0000000800000000)
  region size 2048K, 3 young (6144K), 3 survivors (6144K)
 Metaspace       used 77671K, committed 78400K, reserved 1179648K
  class space    used 8540K, committed 8896K, reserved 1048576K
GC Heap History (20 events):
Event: 22.833 GC heap after
{Heap after GC invocations=37 (full 0):
 garbage-first heap   total 325632K, used 199996K [0x0000000701400000, 0x0000000800000000)
  region size 2048K, 8 young (16384K), 8 survivors (16384K)
 Metaspace       used 76146K, committed 76928K, reserved 1179648K
  class space    used 8439K, committed 8832K, reserved 1048576K
}
Event: 23.849 GC heap before
{Heap before GC invocations=37 (full 0):
 garbage-first heap   total 325632K, used 302396K [0x0000000701400000, 0x0000000800000000)
  region size 2048K, 58 young (118784K), 8 survivors (16384K)
 Metaspace       used 76631K, committed 77440K, reserved 1179648K
  class space    used 8501K, committed 8896K, reserved 1048576K
}
Event: 23.866 GC heap after
{Heap after GC invocations=38 (full 0):
 garbage-first heap   total 327680K, used 207976K [0x0000000701400000, 0x0000000800000000)
  region size 2048K, 8 young (16384K), 8 survivors (16384K)
 Metaspace       used 76631K, committed 77440K, reserved 1179648K
  class space    used 8501K, committed 8896K, reserved 1048576K
}
Event: 24.822 GC heap before
{Heap before GC invocations=39 (full 0):
 garbage-first heap   total 348160K, used 306280K [0x0000000701400000, 0x0000000800000000)
  region size 2048K, 56 young (114688K), 8 survivors (16384K)
 Metaspace       used 76697K, committed 77440K, reserved 1179648K
  class space    used 8501K, committed 8896K, reserved 1048576K
}
Event: 24.836 GC heap after
{Heap after GC invocations=40 (full 0):
 garbage-first heap   total 348160K, used 215299K [0x0000000701400000, 0x0000000800000000)
  region size 2048K, 4 young (8192K), 4 survivors (8192K)
 Metaspace       used 76697K, committed 77440K, reserved 1179648K
  class space    used 8501K, committed 8896K, reserved 1048576K
}
Event: 25.698 GC heap before
{Heap before GC invocations=40 (full 0):
 garbage-first heap   total 348160K, used 323843K [0x0000000701400000, 0x0000000800000000)
  region size 2048K, 57 young (116736K), 4 survivors (8192K)
 Metaspace       used 76800K, committed 77568K, reserved 1179648K
  class space    used 8502K, committed 8896K, reserved 1048576K
}
Event: 25.709 GC heap after
{Heap after GC invocations=41 (full 0):
 garbage-first heap   total 348160K, used 220530K [0x0000000701400000, 0x0000000800000000)
  region size 2048K, 7 young (14336K), 7 survivors (14336K)
 Metaspace       used 76800K, committed 77568K, reserved 1179648K
  class space    used 8502K, committed 8896K, reserved 1048576K
}
Event: 26.471 GC heap before
{Heap before GC invocations=41 (full 0):
 garbage-first heap   total 348160K, used 324978K [0x0000000701400000, 0x0000000800000000)
  region size 2048K, 58 young (118784K), 7 survivors (14336K)
 Metaspace       used 76870K, committed 77632K, reserved 1179648K
  class space    used 8503K, committed 8896K, reserved 1048576K
}
Event: 26.483 GC heap after
{Heap after GC invocations=42 (full 0):
 garbage-first heap   total 417792K, used 226416K [0x0000000701400000, 0x0000000800000000)
  region size 2048K, 6 young (12288K), 6 survivors (12288K)
 Metaspace       used 76870K, committed 77632K, reserved 1179648K
  class space    used 8503K, committed 8896K, reserved 1048576K
}
Event: 27.817 GC heap before
{Heap before GC invocations=43 (full 0):
 garbage-first heap   total 417792K, used 386160K [0x0000000701400000, 0x0000000800000000)
  region size 2048K, 84 young (172032K), 6 survivors (12288K)
 Metaspace       used 76947K, committed 77696K, reserved 1179648K
  class space    used 8505K, committed 8896K, reserved 1048576K
}
Event: 27.836 GC heap after
{Heap after GC invocations=44 (full 0):
 garbage-first heap   total 417792K, used 234879K [0x0000000701400000, 0x0000000800000000)
  region size 2048K, 11 young (22528K), 11 survivors (22528K)
 Metaspace       used 76947K, committed 77696K, reserved 1179648K
  class space    used 8505K, committed 8896K, reserved 1048576K
}
Event: 28.760 GC heap before
{Heap before GC invocations=44 (full 0):
 garbage-first heap   total 417792K, used 386431K [0x0000000701400000, 0x0000000800000000)
  region size 2048K, 85 young (174080K), 11 survivors (22528K)
 Metaspace       used 77013K, committed 77760K, reserved 1179648K
  class space    used 8505K, committed 8896K, reserved 1048576K
}
Event: 28.783 GC heap after
{Heap after GC invocations=45 (full 0):
 garbage-first heap   total 421888K, used 242279K [0x0000000701400000, 0x0000000800000000)
  region size 2048K, 9 young (18432K), 9 survivors (18432K)
 Metaspace       used 77013K, committed 77760K, reserved 1179648K
  class space    used 8505K, committed 8896K, reserved 1048576K
}
Event: 29.771 GC heap before
{Heap before GC invocations=45 (full 0):
 garbage-first heap   total 421888K, used 393831K [0x0000000701400000, 0x0000000800000000)
  region size 2048K, 83 young (169984K), 9 survivors (18432K)
 Metaspace       used 77131K, committed 77888K, reserved 1179648K
  class space    used 8508K, committed 8896K, reserved 1048576K
}
Event: 29.793 GC heap after
{Heap after GC invocations=46 (full 0):
 garbage-first heap   total 423936K, used 250792K [0x0000000701400000, 0x0000000800000000)
  region size 2048K, 9 young (18432K), 9 survivors (18432K)
 Metaspace       used 77131K, committed 77888K, reserved 1179648K
  class space    used 8508K, committed 8896K, reserved 1048576K
}
Event: 30.922 GC heap before
{Heap before GC invocations=47 (full 0):
 garbage-first heap   total 423936K, used 396200K [0x0000000701400000, 0x0000000800000000)
  region size 2048K, 80 young (163840K), 9 survivors (18432K)
 Metaspace       used 77183K, committed 77952K, reserved 1179648K
  class space    used 8511K, committed 8896K, reserved 1048576K
}
Event: 30.938 GC heap after
{Heap after GC invocations=48 (full 0):
 garbage-first heap   total 425984K, used 261002K [0x0000000701400000, 0x0000000800000000)
  region size 2048K, 9 young (18432K), 9 survivors (18432K)
 Metaspace       used 77183K, committed 77952K, reserved 1179648K
  class space    used 8511K, committed 8896K, reserved 1048576K
}
Event: 31.958 GC heap before
{Heap before GC invocations=48 (full 0):
 garbage-first heap   total 425984K, used 402314K [0x0000000701400000, 0x0000000800000000)
  region size 2048K, 78 young (159744K), 9 survivors (18432K)
 Metaspace       used 77242K, committed 78016K, reserved 1179648K
  class space    used 8513K, committed 8896K, reserved 1048576K
}
Event: 31.980 GC heap after
{Heap after GC invocations=49 (full 0):
 garbage-first heap   total 436224K, used 270922K [0x0000000701400000, 0x0000000800000000)
  region size 2048K, 10 young (20480K), 10 survivors (20480K)
 Metaspace       used 77242K, committed 78016K, reserved 1179648K
  class space    used 8513K, committed 8896K, reserved 1048576K
}
Event: 32.699 GC heap before
{Heap before GC invocations=49 (full 0):
 garbage-first heap   total 436224K, used 410186K [0x0000000701400000, 0x0000000800000000)
  region size 2048K, 78 young (159744K), 10 survivors (20480K)
 Metaspace       used 77671K, committed 78400K, reserved 1179648K
  class space    used 8540K, committed 8896K, reserved 1048576K
}

